

Started GET "/" for ::1 at 2016-11-17 23:25:42 -0500
Processing by Rails::WelcomeController#index as HTML
  Rendered /home/akinyele/.rvm/gems/ruby-2.3.1/gems/railties-4.2.6/lib/rails/templates/rails/welcome/index.html.erb (4.3ms)
Completed 200 OK in 72ms (Views: 37.0ms | ActiveRecord: 0.0ms)


Started GET "/" for ::1 at 2016-11-17 23:42:10 -0500
Processing by ApplicationController#root as HTML
Completed 500 Internal Server Error in 8ms (ActiveRecord: 0.0ms)

NameError (uninitialized constant ApplicationController::JSONParser):
  app/controllers/application_controller.rb:7:in `root'


  Rendered /home/akinyele/.rvm/gems/ruby-2.3.1/gems/actionpack-4.2.6/lib/action_dispatch/middleware/templates/rescues/_source.erb (15.0ms)
  Rendered /home/akinyele/.rvm/gems/ruby-2.3.1/gems/actionpack-4.2.6/lib/action_dispatch/middleware/templates/rescues/_trace.html.erb (7.5ms)
  Rendered /home/akinyele/.rvm/gems/ruby-2.3.1/gems/actionpack-4.2.6/lib/action_dispatch/middleware/templates/rescues/_request_and_response.html.erb (2.0ms)
  Rendered /home/akinyele/.rvm/gems/ruby-2.3.1/gems/actionpack-4.2.6/lib/action_dispatch/middleware/templates/rescues/diagnostics.html.erb within rescues/layout (86.4ms)
  Rendered /home/akinyele/.rvm/gems/ruby-2.3.1/gems/web-console-2.3.0/lib/web_console/templates/_markup.html.erb (0.9ms)
  Rendered /home/akinyele/.rvm/gems/ruby-2.3.1/gems/web-console-2.3.0/lib/web_console/templates/_inner_console_markup.html.erb within layouts/inlined_string (0.8ms)
  Rendered /home/akinyele/.rvm/gems/ruby-2.3.1/gems/web-console-2.3.0/lib/web_console/templates/_prompt_box_markup.html.erb within layouts/inlined_string (0.8ms)
  Rendered /home/akinyele/.rvm/gems/ruby-2.3.1/gems/web-console-2.3.0/lib/web_console/templates/style.css.erb within layouts/inlined_string (0.7ms)
  Rendered /home/akinyele/.rvm/gems/ruby-2.3.1/gems/web-console-2.3.0/lib/web_console/templates/console.js.erb within layouts/javascript (72.8ms)
  Rendered /home/akinyele/.rvm/gems/ruby-2.3.1/gems/web-console-2.3.0/lib/web_console/templates/main.js.erb within layouts/javascript (0.7ms)
  Rendered /home/akinyele/.rvm/gems/ruby-2.3.1/gems/web-console-2.3.0/lib/web_console/templates/error_page.js.erb within layouts/javascript (1.0ms)
  Rendered /home/akinyele/.rvm/gems/ruby-2.3.1/gems/web-console-2.3.0/lib/web_console/templates/index.html.erb (150.4ms)


Started GET "/" for ::1 at 2016-11-17 23:42:33 -0500
Processing by ApplicationController#root as HTML
Completed 200 OK in 20ms (Views: 0.7ms | ActiveRecord: 0.0ms)


Started GET "/" for ::1 at 2016-11-17 23:42:52 -0500
Processing by ApplicationController#root as HTML
Completed 500 Internal Server Error in 3ms (ActiveRecord: 0.0ms)

ArgumentError (wrong number of arguments (given 1, expected 0)):
  lib/json_parser.rb:13:in `default'
  app/controllers/application_controller.rb:7:in `root'


  Rendered /home/akinyele/.rvm/gems/ruby-2.3.1/gems/actionpack-4.2.6/lib/action_dispatch/middleware/templates/rescues/_source.erb (14.9ms)
  Rendered /home/akinyele/.rvm/gems/ruby-2.3.1/gems/actionpack-4.2.6/lib/action_dispatch/middleware/templates/rescues/_trace.html.erb (6.7ms)
  Rendered /home/akinyele/.rvm/gems/ruby-2.3.1/gems/actionpack-4.2.6/lib/action_dispatch/middleware/templates/rescues/_request_and_response.html.erb (2.1ms)
  Rendered /home/akinyele/.rvm/gems/ruby-2.3.1/gems/actionpack-4.2.6/lib/action_dispatch/middleware/templates/rescues/diagnostics.html.erb within rescues/layout (56.7ms)
  Rendered /home/akinyele/.rvm/gems/ruby-2.3.1/gems/web-console-2.3.0/lib/web_console/templates/_markup.html.erb (0.9ms)
  Rendered /home/akinyele/.rvm/gems/ruby-2.3.1/gems/web-console-2.3.0/lib/web_console/templates/_inner_console_markup.html.erb within layouts/inlined_string (0.8ms)
  Rendered /home/akinyele/.rvm/gems/ruby-2.3.1/gems/web-console-2.3.0/lib/web_console/templates/_prompt_box_markup.html.erb within layouts/inlined_string (0.7ms)
  Rendered /home/akinyele/.rvm/gems/ruby-2.3.1/gems/web-console-2.3.0/lib/web_console/templates/style.css.erb within layouts/inlined_string (0.8ms)
  Rendered /home/akinyele/.rvm/gems/ruby-2.3.1/gems/web-console-2.3.0/lib/web_console/templates/console.js.erb within layouts/javascript (48.7ms)
  Rendered /home/akinyele/.rvm/gems/ruby-2.3.1/gems/web-console-2.3.0/lib/web_console/templates/main.js.erb within layouts/javascript (0.8ms)
  Rendered /home/akinyele/.rvm/gems/ruby-2.3.1/gems/web-console-2.3.0/lib/web_console/templates/error_page.js.erb within layouts/javascript (0.9ms)
  Rendered /home/akinyele/.rvm/gems/ruby-2.3.1/gems/web-console-2.3.0/lib/web_console/templates/index.html.erb (90.5ms)


Started GET "/" for ::1 at 2016-11-17 23:43:04 -0500
Processing by ApplicationController#root as HTML
Completed 200 OK in 4ms (Views: 0.5ms | ActiveRecord: 0.0ms)


Started GET "/" for ::1 at 2016-11-17 23:43:24 -0500
Processing by ApplicationController#root as HTML
Completed 200 OK in 3ms (Views: 0.4ms | ActiveRecord: 0.0ms)


Started GET "/" for ::1 at 2016-11-17 23:45:00 -0500
Processing by ApplicationController#root as HTML
Completed 200 OK in 1ms (Views: 0.3ms | ActiveRecord: 0.0ms)


Started GET "/" for ::1 at 2016-11-18 17:39:19 -0500
Processing by ApplicationController#root as HTML
Completed 200 OK in 23ms (Views: 0.6ms | ActiveRecord: 0.0ms)


Started GET "/" for ::1 at 2016-11-18 17:41:47 -0500
Processing by ApplicationController#root as HTML
Completed 200 OK in 20ms (Views: 0.6ms | ActiveRecord: 0.0ms)
